<?xml version="1.0" encoding="UTF-8"?>
<!-- Generated by org.testng.reporters.JUnitXMLReporter -->
<testsuite ignored="0" hostname="DESKTOP-DAVDJI6" failures="0" tests="4" name="Go Rest API Create User Test" time="5.054" errors="0" timestamp="2024-09-01T02:00:35 IST">
  <testcase classname="com.qa.gorest.tests.CreateUserTest" name="createUserTest" time="2.12"/>
  <testcase classname="com.qa.gorest.tests.CreateUserTest" name="createUserTest" time="0.689"/>
  <testcase classname="com.qa.gorest.tests.CreateUserTest" name="createUserTest" time="0.68"/>
  <testcase classname="com.qa.gorest.tests.CreateUserTest" name="createUserTest" time="0.791"/>
</testsuite> <!-- Go Rest API Create User Test -->
